<?xml version="1.0" encoding="UTF-8"?>
<!-- Generated by org.testng.reporters.JUnitReportReporter -->
<testsuite hostname="LAPTOP-O1ONHJO3" failures="0" tests="3" name="com.parameter.dataprovider.DataProviderClass" time="0.010" errors="0" timestamp="2023-01-21T06:19:57 IST" skipped="0">
  <testcase classname="com.parameter.dataprovider.DataProviderClass" name="testData" time="0.008"/>
  <system-out/>
  <testcase classname="com.parameter.dataprovider.DataProviderClass" name="testData" time="0.001"/>
  <system-out/>
  <testcase classname="com.parameter.dataprovider.DataProviderClass" name="testData" time="0.001"/>
  <system-out/>
</testsuite> <!-- com.parameter.dataprovider.DataProviderClass -->
