<?xml version="1.0" encoding="UTF-8"?>
<!-- Generated by org.testng.reporters.JUnitReportReporter -->
<testsuite hostname="LAPTOP-O1ONHJO3" failures="0" tests="1" name="com.parameter.dataprovider.ParametersSample" time="7.652" errors="0" timestamp="2023-01-19T05:58:02 IST" skipped="0">
  <testcase classname="com.parameter.dataprovider.ParametersSample" name="testMethod" time="7.652"/>
  <system-out/>
</testsuite> <!-- com.parameter.dataprovider.ParametersSample -->
