<?xml version="1.0" encoding="UTF-8"?>
<!-- Generated by org.testng.reporters.JUnitReportReporter -->
<testsuite hostname="LAPTOP-O1ONHJO3" failures="0" tests="1" name="com.sample.listeners.UnknownFailedTest" time="137.374" errors="0" timestamp="2023-01-22T06:39:20 IST" skipped="0">
  <testcase classname="com.sample.listeners.UnknownFailedTest" name="testOne" time="137.374"/>
  <system-out/>
</testsuite> <!-- com.sample.listeners.UnknownFailedTest -->
