<?xml version="1.0" encoding="UTF-8"?>
<!-- Generated by org.testng.reporters.JUnitReportReporter -->
<testsuite hostname="LAPTOP-O1ONHJO3" failures="0" tests="5" name="com.sample.groups.GroupsClass" time="0.017" errors="0" timestamp="2023-01-22T05:21:07 IST" skipped="0">
  <testcase classname="com.sample.groups.GroupsClass" name="test2" time="0.010"/>
  <system-out/>
  <testcase classname="com.sample.groups.GroupsClass" name="test6" time="0.001"/>
  <system-out/>
  <testcase classname="com.sample.groups.GroupsClass" name="test3" time="0.002"/>
  <system-out/>
  <testcase classname="com.sample.groups.GroupsClass" name="test4" time="0.002"/>
  <system-out/>
  <testcase classname="com.sample.groups.GroupsClass" name="test5" time="0.002"/>
  <system-out/>
</testsuite> <!-- com.sample.groups.GroupsClass -->
