<?xml version="1.0" encoding="UTF-8"?>
<!-- Generated by org.testng.reporters.JUnitReportReporter -->
<testsuite hostname="LAPTOP-O1ONHJO3" failures="0" tests="1" name="com.crossbrowser.parallel.ScriptTwo" time="11.313" errors="0" timestamp="2023-01-21T22:03:42 IST" skipped="0">
  <testcase classname="com.crossbrowser.parallel.ScriptTwo" name="searchJava" time="11.313"/>
  <system-out/>
</testsuite> <!-- com.crossbrowser.parallel.ScriptTwo -->
