<?xml version="1.0" encoding="UTF-8"?>
<!-- Generated by org.testng.reporters.JUnitReportReporter -->
<testsuite hostname="LAPTOP-O1ONHJO3" failures="0" tests="1" name="com.crossbrowser.parallel.ScriptOne" time="13.980" errors="0" timestamp="2023-01-25T06:10:25 IST" skipped="0">
  <testcase classname="com.crossbrowser.parallel.ScriptOne" name="adactinLogin" time="13.980"/>
  <system-out/>
</testsuite> <!-- com.crossbrowser.parallel.ScriptOne -->
