<?xml version="1.0" encoding="UTF-8"?>
<!-- Generated by org.testng.reporters.JUnitReportReporter -->
<testsuite hostname="LAPTOP-O1ONHJO3" failures="0" tests="1" name="com.sample.testng.SampleTestNG" time="0.002" errors="0" timestamp="2023-01-17T05:51:41 IST" skipped="0">
  <testcase classname="com.sample.testng.SampleTestNG" name="testMethod" time="0.002"/>
  <system-out/>
</testsuite> <!-- com.sample.testng.SampleTestNG -->
